2016-09-21 16:27:20 Warning: Warning (2): Invalid argument supplied for foreach() in [/var/www/adpixel/app/Controller/UsersController.php, line 179]
Trace:
UsersController::postPages() - APP/Controller/UsersController.php, line 179
ReflectionMethod::invokeArgs() - [internal], line ??
Controller::invokeAction() - CORE/Cake/Controller/Controller.php, line 490
Dispatcher::_invoke() - CORE/Cake/Routing/Dispatcher.php, line 193
Dispatcher::dispatch() - CORE/Cake/Routing/Dispatcher.php, line 167
[main] - APP/webroot/index.php, line 53

2016-09-21 16:35:43 Warning: Warning (2): Invalid argument supplied for foreach() in [/var/www/adpixel/app/Controller/UsersController.php, line 179]
Trace:
UsersController::postPages() - APP/Controller/UsersController.php, line 179
ReflectionMethod::invokeArgs() - [internal], line ??
Controller::invokeAction() - CORE/Cake/Controller/Controller.php, line 490
Dispatcher::_invoke() - CORE/Cake/Routing/Dispatcher.php, line 193
Dispatcher::dispatch() - CORE/Cake/Routing/Dispatcher.php, line 167
[main] - APP/webroot/index.php, line 53

2016-09-23 11:44:51 Warning: Warning (2): array_keys() expects parameter 1 to be array, null given in [/var/www/adpixel/app/Controller/CampaignsController.php, line 224]
Trace:
array_keys - [internal], line ??
CampaignsController::downloadCampaign() - APP/Controller/CampaignsController.php, line 224
ReflectionMethod::invokeArgs() - [internal], line ??
Controller::invokeAction() - CORE/Cake/Controller/Controller.php, line 490
Dispatcher::_invoke() - CORE/Cake/Routing/Dispatcher.php, line 193
Dispatcher::dispatch() - CORE/Cake/Routing/Dispatcher.php, line 167
[main] - APP/webroot/index.php, line 53

2016-09-23 11:44:51 Warning: Warning (2): Invalid argument supplied for foreach() in [/var/www/adpixel/app/Controller/CampaignsController.php, line 227]
Trace:
CampaignsController::downloadCampaign() - APP/Controller/CampaignsController.php, line 227
ReflectionMethod::invokeArgs() - [internal], line ??
Controller::invokeAction() - CORE/Cake/Controller/Controller.php, line 490
Dispatcher::_invoke() - CORE/Cake/Routing/Dispatcher.php, line 193
Dispatcher::dispatch() - CORE/Cake/Routing/Dispatcher.php, line 167
[main] - APP/webroot/index.php, line 53

2016-09-23 11:44:55 Warning: Warning (2): array_keys() expects parameter 1 to be array, null given in [/var/www/adpixel/app/Controller/CampaignsController.php, line 224]
Trace:
array_keys - [internal], line ??
CampaignsController::downloadCampaign() - APP/Controller/CampaignsController.php, line 224
ReflectionMethod::invokeArgs() - [internal], line ??
Controller::invokeAction() - CORE/Cake/Controller/Controller.php, line 490
Dispatcher::_invoke() - CORE/Cake/Routing/Dispatcher.php, line 193
Dispatcher::dispatch() - CORE/Cake/Routing/Dispatcher.php, line 167
[main] - APP/webroot/index.php, line 53

2016-09-23 11:44:55 Warning: Warning (2): Invalid argument supplied for foreach() in [/var/www/adpixel/app/Controller/CampaignsController.php, line 227]
Trace:
CampaignsController::downloadCampaign() - APP/Controller/CampaignsController.php, line 227
ReflectionMethod::invokeArgs() - [internal], line ??
Controller::invokeAction() - CORE/Cake/Controller/Controller.php, line 490
Dispatcher::_invoke() - CORE/Cake/Routing/Dispatcher.php, line 193
Dispatcher::dispatch() - CORE/Cake/Routing/Dispatcher.php, line 167
[main] - APP/webroot/index.php, line 53

2016-09-23 11:45:51 Warning: Warning (2): array_keys() expects parameter 1 to be array, null given in [/var/www/adpixel/app/Controller/CampaignsController.php, line 224]
Trace:
array_keys - [internal], line ??
CampaignsController::downloadCampaign() - APP/Controller/CampaignsController.php, line 224
ReflectionMethod::invokeArgs() - [internal], line ??
Controller::invokeAction() - CORE/Cake/Controller/Controller.php, line 490
Dispatcher::_invoke() - CORE/Cake/Routing/Dispatcher.php, line 193
Dispatcher::dispatch() - CORE/Cake/Routing/Dispatcher.php, line 167
[main] - APP/webroot/index.php, line 53

2016-09-23 11:45:51 Warning: Warning (2): Invalid argument supplied for foreach() in [/var/www/adpixel/app/Controller/CampaignsController.php, line 227]
Trace:
CampaignsController::downloadCampaign() - APP/Controller/CampaignsController.php, line 227
ReflectionMethod::invokeArgs() - [internal], line ??
Controller::invokeAction() - CORE/Cake/Controller/Controller.php, line 490
Dispatcher::_invoke() - CORE/Cake/Routing/Dispatcher.php, line 193
Dispatcher::dispatch() - CORE/Cake/Routing/Dispatcher.php, line 167
[main] - APP/webroot/index.php, line 53

2016-09-23 11:46:32 Warning: Warning (2): array_keys() expects parameter 1 to be array, null given in [/var/www/adpixel/app/Controller/CampaignsController.php, line 224]
Trace:
array_keys - [internal], line ??
CampaignsController::downloadCampaign() - APP/Controller/CampaignsController.php, line 224
ReflectionMethod::invokeArgs() - [internal], line ??
Controller::invokeAction() - CORE/Cake/Controller/Controller.php, line 490
Dispatcher::_invoke() - CORE/Cake/Routing/Dispatcher.php, line 193
Dispatcher::dispatch() - CORE/Cake/Routing/Dispatcher.php, line 167
[main] - APP/webroot/index.php, line 53

2016-09-23 11:46:32 Warning: Warning (2): Invalid argument supplied for foreach() in [/var/www/adpixel/app/Controller/CampaignsController.php, line 227]
Trace:
CampaignsController::downloadCampaign() - APP/Controller/CampaignsController.php, line 227
ReflectionMethod::invokeArgs() - [internal], line ??
Controller::invokeAction() - CORE/Cake/Controller/Controller.php, line 490
Dispatcher::_invoke() - CORE/Cake/Routing/Dispatcher.php, line 193
Dispatcher::dispatch() - CORE/Cake/Routing/Dispatcher.php, line 167
[main] - APP/webroot/index.php, line 53

2016-09-26 14:32:21 Warning: Warning (2): Missing argument 1 for Controller::redirect(), called in /var/www/adpixel/app/Controller/UsersController.php on line 26 and defined in [/var/www/adpixel/lib/Cake/Controller/Controller.php, line 760]
Trace:
Controller::redirect() - CORE/Cake/Controller/Controller.php, line 760
UsersController::logout() - APP/Controller/UsersController.php, line 26
ReflectionMethod::invokeArgs() - [internal], line ??
Controller::invokeAction() - CORE/Cake/Controller/Controller.php, line 490
Dispatcher::_invoke() - CORE/Cake/Routing/Dispatcher.php, line 193
Dispatcher::dispatch() - CORE/Cake/Routing/Dispatcher.php, line 167
[main] - APP/webroot/index.php, line 53

2016-09-26 14:39:11 Warning: Warning (2): Missing argument 1 for UsersController::index() in [/var/www/adpixel/app/Controller/UsersController.php, line 17]
Trace:
UsersController::index() - APP/Controller/UsersController.php, line 17
ReflectionMethod::invokeArgs() - [internal], line ??
Controller::invokeAction() - CORE/Cake/Controller/Controller.php, line 490
Dispatcher::_invoke() - CORE/Cake/Routing/Dispatcher.php, line 193
Dispatcher::dispatch() - CORE/Cake/Routing/Dispatcher.php, line 167
[main] - APP/webroot/index.php, line 53

2016-09-26 14:46:16 Warning: Warning (2): Missing argument 1 for UsersController::index() in [/var/www/adpixel/app/Controller/UsersController.php, line 17]
Trace:
UsersController::index() - APP/Controller/UsersController.php, line 17
ReflectionMethod::invokeArgs() - [internal], line ??
Controller::invokeAction() - CORE/Cake/Controller/Controller.php, line 490
Dispatcher::_invoke() - CORE/Cake/Routing/Dispatcher.php, line 193
Dispatcher::dispatch() - CORE/Cake/Routing/Dispatcher.php, line 167
[main] - APP/webroot/index.php, line 53

2016-09-27 15:00:20 Warning: Warning (2): Missing argument 1 for UsersController::index() in [/var/www/adpixel/app/Controller/UsersController.php, line 17]
Trace:
UsersController::index() - APP/Controller/UsersController.php, line 17
ReflectionMethod::invokeArgs() - [internal], line ??
Controller::invokeAction() - CORE/Cake/Controller/Controller.php, line 490
Dispatcher::_invoke() - CORE/Cake/Routing/Dispatcher.php, line 193
Dispatcher::dispatch() - CORE/Cake/Routing/Dispatcher.php, line 167
[main] - APP/webroot/index.php, line 53

2016-09-28 14:52:07 Warning: Warning (2): Missing argument 1 for UsersController::index() in [/var/www/adpixel/app/Controller/UsersController.php, line 17]
Trace:
UsersController::index() - APP/Controller/UsersController.php, line 17
ReflectionMethod::invokeArgs() - [internal], line ??
Controller::invokeAction() - CORE/Cake/Controller/Controller.php, line 490
Dispatcher::_invoke() - CORE/Cake/Routing/Dispatcher.php, line 193
Dispatcher::dispatch() - CORE/Cake/Routing/Dispatcher.php, line 167
[main] - APP/webroot/index.php, line 53

2016-09-28 14:52:09 Warning: Warning (2): Missing argument 1 for UsersController::index() in [/var/www/adpixel/app/Controller/UsersController.php, line 17]
Trace:
UsersController::index() - APP/Controller/UsersController.php, line 17
ReflectionMethod::invokeArgs() - [internal], line ??
Controller::invokeAction() - CORE/Cake/Controller/Controller.php, line 490
Dispatcher::_invoke() - CORE/Cake/Routing/Dispatcher.php, line 193
Dispatcher::dispatch() - CORE/Cake/Routing/Dispatcher.php, line 167
[main] - APP/webroot/index.php, line 53

